rm -f benchmark-naive benchmark-blocked benchmark-blas benchmark.o dgemm-naive.o dgemm-blocked.o dgemm-blas.o
gcc                          -c -Wall -std=gnu99 -O3                          benchmark.c
gcc                          -c -Wall -std=gnu99 -O3                          dgemm-naive.c
gcc                          -o benchmark-naive benchmark.o dgemm-naive.o -L/cluster/apps/gcc-11.4.0/openblas-0.3.20-ssgo6yxxzud3xbfabkvv77e6lpnq7hep -lopenblas              
gcc                          -c -Wall -std=gnu99 -O3                          dgemm-blocked.c
gcc                          -o benchmark-blocked benchmark.o dgemm-blocked.o -L/cluster/apps/gcc-11.4.0/openblas-0.3.20-ssgo6yxxzud3xbfabkvv77e6lpnq7hep -lopenblas              
gcc                          -c -Wall -std=gnu99 -O3                          dgemm-blas.c
gcc                          -o benchmark-blas benchmark.o dgemm-blas.o -L/cluster/apps/gcc-11.4.0/openblas-0.3.20-ssgo6yxxzud3xbfabkvv77e6lpnq7hep -lopenblas              
==== benchmark-naive ======================
# Description:	Naive, three-loop dgemm.

Size:       31	Gflop/s:     2.63	Percentage:    6.71
Size:       32	Gflop/s:     2.61	Percentage:    6.65
Size:       96	Gflop/s:     2.22	Percentage:    5.66
Size:       97	Gflop/s:     2.30	Percentage:    5.86
Size:      127	Gflop/s:     2.09	Percentage:    5.33
Size:      128	Gflop/s:     1.21	Percentage:    3.10
Size:      129	Gflop/s:     2.20	Percentage:    5.62
Size:      191	Gflop/s:     2.43	Percentage:    6.20
Size:      192	Gflop/s:     1.56	Percentage:    3.98
Size:      229	Gflop/s:     2.34	Percentage:    5.97
Size:      255	Gflop/s:     2.35	Percentage:    6.00
Size:      256	Gflop/s:     0.93	Percentage:    2.37
Size:      257	Gflop/s:     2.36	Percentage:    6.02
Size:      319	Gflop/s:     2.34	Percentage:    5.96
Size:      320	Gflop/s:     1.55	Percentage:    3.97
Size:      321	Gflop/s:     2.32	Percentage:    5.93
Size:      417	Gflop/s:     2.28	Percentage:    5.82
Size:      479	Gflop/s:     2.28	Percentage:    5.82
Size:      480	Gflop/s:     2.18	Percentage:    5.56
Size:      511	Gflop/s:     2.29	Percentage:    5.85
Size:      512	Gflop/s:     0.31	Percentage:    0.80
Size:      639	Gflop/s:     2.26	Percentage:    5.76
Size:      640	Gflop/s:     1.18	Percentage:    3.01
Size:      767	Gflop/s:     2.25	Percentage:    5.75
Size:      768	Gflop/s:     0.67	Percentage:    1.70
Size:      769	Gflop/s:     2.10	Percentage:    5.35
Size:      800	Gflop/s:     2.13	Percentage:    5.44
Size:      900	Gflop/s:     2.24	Percentage:    5.71
Size:     1000	Gflop/s:     2.22	Percentage:    5.67
Size:     1100	Gflop/s:     2.21	Percentage:    5.64
Size:     1200	Gflop/s:     1.87	Percentage:    4.77
# Average percentage of peak performance = 5.09594

==== benchmark-blas =======================
# Description:	Reference dgemm.

Size:       31	Gflop/s:    24.71	Percentage:   63.03
Size:       32	Gflop/s:    20.24	Percentage:   51.63
Size:       96	Gflop/s:    34.50	Percentage:   88.01
Size:       97	Gflop/s:    33.50	Percentage:   85.45
Size:      127	Gflop/s:    35.18	Percentage:   89.74
Size:      128	Gflop/s:    36.38	Percentage:   92.82
Size:      129	Gflop/s:    35.72	Percentage:   91.12
Size:      191	Gflop/s:    39.16	Percentage:   99.89
Size:      192	Gflop/s:    40.68	Percentage:  103.79
Size:      229	Gflop/s:    41.12	Percentage:  104.91
Size:      255	Gflop/s:    40.51	Percentage:  103.35
Size:      256	Gflop/s:    41.57	Percentage:  106.05
Size:      257	Gflop/s:    41.06	Percentage:  104.74
Size:      319	Gflop/s:    42.36	Percentage:  108.05
Size:      320	Gflop/s:    43.63	Percentage:  111.30
Size:      321	Gflop/s:    43.43	Percentage:  110.79
Size:      417	Gflop/s:    44.70	Percentage:  114.04
Size:      479	Gflop/s:    43.50	Percentage:  110.97
Size:      480	Gflop/s:    44.51	Percentage:  113.56
Size:      511	Gflop/s:    42.94	Percentage:  109.54
Size:      512	Gflop/s:    42.43	Percentage:  108.24
Size:      639	Gflop/s:    44.29	Percentage:  112.97
Size:      640	Gflop/s:    45.37	Percentage:  115.75
Size:      767	Gflop/s:    44.84	Percentage:  114.40
Size:      768	Gflop/s:    45.53	Percentage:  116.14
Size:      769	Gflop/s:    44.77	Percentage:  114.20
Size:      800	Gflop/s:    44.46	Percentage:  113.43
Size:      900	Gflop/s:    46.60	Percentage:  118.87
Size:     1000	Gflop/s:    47.24	Percentage:  120.50
Size:     1100	Gflop/s:    45.71	Percentage:  116.60
Size:     1200	Gflop/s:    46.94	Percentage:  119.74
# Average percentage of peak performance = 104.31

==== benchmark-blocked ====================
# Description:	Blocked dgemm.

Size:       31	Gflop/s:     7.00	Percentage:   17.86
Size:       32	Gflop/s:     7.52	Percentage:   19.18
Size:       96	Gflop/s:    15.32	Percentage:   39.09

==== plot results =========================
