rm -f benchmark-naive benchmark-blocked benchmark-blas benchmark.o dgemm-naive.o dgemm-blocked.o dgemm-blas.o
gcc                          -c -Wall -std=gnu99 -O3                          benchmark.c
gcc                          -c -Wall -std=gnu99 -O3                          dgemm-naive.c
gcc                          -o benchmark-naive benchmark.o dgemm-naive.o -L/cluster/apps/gcc-11.4.0/openblas-0.3.20-ssgo6yxxzud3xbfabkvv77e6lpnq7hep -lopenblas              
gcc                          -c -Wall -std=gnu99 -O3                          dgemm-blocked.c
gcc                          -o benchmark-blocked benchmark.o dgemm-blocked.o -L/cluster/apps/gcc-11.4.0/openblas-0.3.20-ssgo6yxxzud3xbfabkvv77e6lpnq7hep -lopenblas              
gcc                          -c -Wall -std=gnu99 -O3                          dgemm-blas.c
gcc                          -o benchmark-blas benchmark.o dgemm-blas.o -L/cluster/apps/gcc-11.4.0/openblas-0.3.20-ssgo6yxxzud3xbfabkvv77e6lpnq7hep -lopenblas              
==== benchmark-naive ======================
# Description:	Naive, three-loop dgemm.

Size:       31	Gflop/s:     2.64	Percentage:    6.73
Size:       32	Gflop/s:     2.21	Percentage:    5.64
Size:       96	Gflop/s:     2.25	Percentage:    5.73
Size:       97	Gflop/s:     2.33	Percentage:    5.93
Size:      127	Gflop/s:     2.11	Percentage:    5.37
Size:      128	Gflop/s:     1.20	Percentage:    3.07
Size:      129	Gflop/s:     2.11	Percentage:    5.37
Size:      191	Gflop/s:     2.48	Percentage:    6.34
Size:      192	Gflop/s:     1.55	Percentage:    3.96
Size:      229	Gflop/s:     2.44	Percentage:    6.23
Size:      255	Gflop/s:     2.42	Percentage:    6.17
Size:      256	Gflop/s:     0.91	Percentage:    2.33
Size:      257	Gflop/s:     2.42	Percentage:    6.18
Size:      319	Gflop/s:     2.39	Percentage:    6.09
Size:      320	Gflop/s:     1.43	Percentage:    3.65
Size:      321	Gflop/s:     2.39	Percentage:    6.09
Size:      417	Gflop/s:     2.36	Percentage:    6.03
Size:      479	Gflop/s:     2.31	Percentage:    5.89
Size:      480	Gflop/s:     2.21	Percentage:    5.63
Size:      511	Gflop/s:     2.33	Percentage:    5.94
Size:      512	Gflop/s:     0.50	Percentage:    1.28
Size:      639	Gflop/s:     2.33	Percentage:    5.93
Size:      640	Gflop/s:     1.45	Percentage:    3.70
Size:      767	Gflop/s:     2.31	Percentage:    5.90
Size:      768	Gflop/s:     0.84	Percentage:    2.13
Size:      769	Gflop/s:     2.25	Percentage:    5.74
Size:      800	Gflop/s:     2.23	Percentage:    5.69
Size:      900	Gflop/s:     2.32	Percentage:    5.91
Size:     1000	Gflop/s:     2.30	Percentage:    5.86
Size:     1100	Gflop/s:     2.31	Percentage:    5.90
Size:     1200	Gflop/s:     2.28	Percentage:    5.81
# Average percentage of peak performance = 5.2336

==== benchmark-blas =======================
# Description:	Reference dgemm.

Size:       31	Gflop/s:    24.62	Percentage:   62.81
Size:       32	Gflop/s:    20.18	Percentage:   51.48
Size:       96	Gflop/s:    34.94	Percentage:   89.13
Size:       97	Gflop/s:    34.19	Percentage:   87.21
Size:      127	Gflop/s:    36.68	Percentage:   93.56
Size:      128	Gflop/s:    37.49	Percentage:   95.65
Size:      129	Gflop/s:    37.32	Percentage:   95.20
Size:      191	Gflop/s:    40.78	Percentage:  104.03
Size:      192	Gflop/s:    42.05	Percentage:  107.26
Size:      229	Gflop/s:    42.85	Percentage:  109.32
Size:      255	Gflop/s:    39.59	Percentage:  101.00
Size:      256	Gflop/s:    43.84	Percentage:  111.83
Size:      257	Gflop/s:    43.00	Percentage:  109.68
Size:      319	Gflop/s:    44.54	Percentage:  113.62
Size:      320	Gflop/s:    45.90	Percentage:  117.09
Size:      321	Gflop/s:    45.52	Percentage:  116.13
Size:      417	Gflop/s:    47.45	Percentage:  121.05
Size:      479	Gflop/s:    46.91	Percentage:  119.68
Size:      480	Gflop/s:    48.32	Percentage:  123.27
Size:      511	Gflop/s:    45.89	Percentage:  117.06
Size:      512	Gflop/s:    45.25	Percentage:  115.43
Size:      639	Gflop/s:    48.11	Percentage:  122.73
Size:      640	Gflop/s:    48.74	Percentage:  124.35
Size:      767	Gflop/s:    48.60	Percentage:  123.99
Size:      768	Gflop/s:    48.84	Percentage:  124.60
Size:      769	Gflop/s:    48.82	Percentage:  124.55
Size:      800	Gflop/s:    49.75	Percentage:  126.91
Size:      900	Gflop/s:    49.98	Percentage:  127.51
Size:     1000	Gflop/s:    50.53	Percentage:  128.91
Size:     1100	Gflop/s:    50.24	Percentage:  128.16
Size:     1200	Gflop/s:    50.68	Percentage:  129.29
# Average percentage of peak performance = 110.402

==== benchmark-blocked ====================
# Description:	Blocked dgemm.

Size:       31	Gflop/s:     0.00	Percentage:    0.00

==== plot results =========================
