Architecture:          x86_64
CPU op-mode(s):        32-bit, 64-bit
Byte Order:            Little Endian
CPU(s):                128
On-line CPU(s) list:   0-127
Thread(s) per core:    1
Core(s) per socket:    64
Socket(s):             2
NUMA node(s):          8
Vendor ID:             AuthenticAMD
CPU family:            25
Model:                 1
Model name:            AMD EPYC 7763 64-Core Processor
Stepping:              1
CPU MHz:               1500.000
CPU max MHz:           2450.0000
CPU min MHz:           1500.0000
BogoMIPS:              4890.93
Virtualization:        AMD-V
L1d cache:             32K
L1i cache:             32K
L2 cache:              512K
L3 cache:              32768K
NUMA node0 CPU(s):     0-15
NUMA node1 CPU(s):     16-31
NUMA node2 CPU(s):     32-47
NUMA node3 CPU(s):     48-63
NUMA node4 CPU(s):     64-79
NUMA node5 CPU(s):     80-95
NUMA node6 CPU(s):     96-111
NUMA node7 CPU(s):     112-127
Flags:                 fpu vme de pse tsc msr pae mce cx8 apic sep mtrr pge mca cmov pat pse36 clflush mmx fxsr sse sse2 ht syscall nx mmxext fxsr_opt pdpe1gb rdtscp lm constant_tsc art rep_good nopl nonstop_tsc extd_apicid aperfmperf eagerfpu pni pclmulqdq monitor ssse3 fma cx16 pcid sse4_1 sse4_2 movbe popcnt aes xsave avx f16c rdrand lahf_lm cmp_legacy svm extapic cr8_legacy abm sse4a misalignsse 3dnowprefetch osvw ibs skinit wdt tce topoext perfctr_core perfctr_nb bpext perfctr_l2 cpb cat_l3 cdp_l3 invpcid_single hw_pstate sme ssbd rsb_ctxsw ibrs ibpb stibp vmmcall fsgsbase bmi1 avx2 smep bmi2 erms invpcid cqm rdt_a rdseed adx smap clflushopt clwb sha_ni xsaveopt xsavec xgetbv1 cqm_llc cqm_occup_llc cqm_mbm_total cqm_mbm_local clzero irperf xsaveerptr arat npt lbrv svm_lock nrip_save tsc_scale vmcb_clean flushbyasid decodeassists pausefilter pfthreshold v_vmsave_vmload vgif umip pku ospke vaes vpclmulqdq overflow_recov succor smca
MemTotal:       261505584 kB
MemFree:        233640028 kB
MemAvailable:   237330160 kB
Buffers:            1052 kB
Cached:          8439296 kB
SwapCached:        10920 kB
Active:         13192148 kB
Inactive:        6293880 kB
Active(anon):   11918904 kB
Inactive(anon):  3357736 kB
Active(file):    1273244 kB
Inactive(file):  2936144 kB
Unevictable:           0 kB
Mlocked:               0 kB
SwapTotal:      33554428 kB
SwapFree:       32220924 kB
Dirty:              3032 kB
Writeback:           148 kB
AnonPages:      11041476 kB
Mapped:           295684 kB
Shmem:           4229992 kB
Slab:            1541856 kB
SReclaimable:     473768 kB
SUnreclaim:      1068088 kB
KernelStack:       36448 kB
PageTables:       103208 kB
NFS_Unstable:          0 kB
Bounce:                0 kB
WritebackTmp:          0 kB
CommitLimit:    164307220 kB
Committed_AS:   22733720 kB
VmallocTotal:   34359738367 kB
VmallocUsed:     1396512 kB
VmallocChunk:   34122965040 kB
Percpu:            28672 kB
HardwareCorrupted:     0 kB
AnonHugePages:     12288 kB
CmaTotal:              0 kB
CmaFree:               0 kB
HugePages_Total:       0
HugePages_Free:        0
HugePages_Rsvd:        0
HugePages_Surp:        0
Hugepagesize:       2048 kB
DirectMap4k:      674740 kB
DirectMap2M:    25266176 kB
DirectMap1G:    242221056 kB
Machine (249GB total)
  Package L#0
    NUMANode L#0 (P#0 31GB)
      L3 L#0 (32MB)
        L2 L#0 (512KB) + L1d L#0 (32KB) + L1i L#0 (32KB) + Core L#0 + PU L#0 (P#0)
        L2 L#1 (512KB) + L1d L#1 (32KB) + L1i L#1 (32KB) + Core L#1 + PU L#1 (P#1)
        L2 L#2 (512KB) + L1d L#2 (32KB) + L1i L#2 (32KB) + Core L#2 + PU L#2 (P#2)
        L2 L#3 (512KB) + L1d L#3 (32KB) + L1i L#3 (32KB) + Core L#3 + PU L#3 (P#3)
        L2 L#4 (512KB) + L1d L#4 (32KB) + L1i L#4 (32KB) + Core L#4 + PU L#4 (P#4)
        L2 L#5 (512KB) + L1d L#5 (32KB) + L1i L#5 (32KB) + Core L#5 + PU L#5 (P#5)
        L2 L#6 (512KB) + L1d L#6 (32KB) + L1i L#6 (32KB) + Core L#6 + PU L#6 (P#6)
        L2 L#7 (512KB) + L1d L#7 (32KB) + L1i L#7 (32KB) + Core L#7 + PU L#7 (P#7)
      L3 L#1 (32MB)
        L2 L#8 (512KB) + L1d L#8 (32KB) + L1i L#8 (32KB) + Core L#8 + PU L#8 (P#8)
        L2 L#9 (512KB) + L1d L#9 (32KB) + L1i L#9 (32KB) + Core L#9 + PU L#9 (P#9)
        L2 L#10 (512KB) + L1d L#10 (32KB) + L1i L#10 (32KB) + Core L#10 + PU L#10 (P#10)
        L2 L#11 (512KB) + L1d L#11 (32KB) + L1i L#11 (32KB) + Core L#11 + PU L#11 (P#11)
        L2 L#12 (512KB) + L1d L#12 (32KB) + L1i L#12 (32KB) + Core L#12 + PU L#12 (P#12)
        L2 L#13 (512KB) + L1d L#13 (32KB) + L1i L#13 (32KB) + Core L#13 + PU L#13 (P#13)
        L2 L#14 (512KB) + L1d L#14 (32KB) + L1i L#14 (32KB) + Core L#14 + PU L#14 (P#14)
        L2 L#15 (512KB) + L1d L#15 (32KB) + L1i L#15 (32KB) + Core L#15 + PU L#15 (P#15)
    NUMANode L#1 (P#1 31GB)
      L3 L#2 (32MB)
        L2 L#16 (512KB) + L1d L#16 (32KB) + L1i L#16 (32KB) + Core L#16 + PU L#16 (P#16)
        L2 L#17 (512KB) + L1d L#17 (32KB) + L1i L#17 (32KB) + Core L#17 + PU L#17 (P#17)
        L2 L#18 (512KB) + L1d L#18 (32KB) + L1i L#18 (32KB) + Core L#18 + PU L#18 (P#18)
        L2 L#19 (512KB) + L1d L#19 (32KB) + L1i L#19 (32KB) + Core L#19 + PU L#19 (P#19)
        L2 L#20 (512KB) + L1d L#20 (32KB) + L1i L#20 (32KB) + Core L#20 + PU L#20 (P#20)
        L2 L#21 (512KB) + L1d L#21 (32KB) + L1i L#21 (32KB) + Core L#21 + PU L#21 (P#21)
        L2 L#22 (512KB) + L1d L#22 (32KB) + L1i L#22 (32KB) + Core L#22 + PU L#22 (P#22)
        L2 L#23 (512KB) + L1d L#23 (32KB) + L1i L#23 (32KB) + Core L#23 + PU L#23 (P#23)
      L3 L#3 (32MB)
        L2 L#24 (512KB) + L1d L#24 (32KB) + L1i L#24 (32KB) + Core L#24 + PU L#24 (P#24)
        L2 L#25 (512KB) + L1d L#25 (32KB) + L1i L#25 (32KB) + Core L#25 + PU L#25 (P#25)
        L2 L#26 (512KB) + L1d L#26 (32KB) + L1i L#26 (32KB) + Core L#26 + PU L#26 (P#26)
        L2 L#27 (512KB) + L1d L#27 (32KB) + L1i L#27 (32KB) + Core L#27 + PU L#27 (P#27)
        L2 L#28 (512KB) + L1d L#28 (32KB) + L1i L#28 (32KB) + Core L#28 + PU L#28 (P#28)
        L2 L#29 (512KB) + L1d L#29 (32KB) + L1i L#29 (32KB) + Core L#29 + PU L#29 (P#29)
        L2 L#30 (512KB) + L1d L#30 (32KB) + L1i L#30 (32KB) + Core L#30 + PU L#30 (P#30)
        L2 L#31 (512KB) + L1d L#31 (32KB) + L1i L#31 (32KB) + Core L#31 + PU L#31 (P#31)
    NUMANode L#2 (P#2 31GB)
      L3 L#4 (32MB)
        L2 L#32 (512KB) + L1d L#32 (32KB) + L1i L#32 (32KB) + Core L#32 + PU L#32 (P#32)
        L2 L#33 (512KB) + L1d L#33 (32KB) + L1i L#33 (32KB) + Core L#33 + PU L#33 (P#33)
        L2 L#34 (512KB) + L1d L#34 (32KB) + L1i L#34 (32KB) + Core L#34 + PU L#34 (P#34)
        L2 L#35 (512KB) + L1d L#35 (32KB) + L1i L#35 (32KB) + Core L#35 + PU L#35 (P#35)
        L2 L#36 (512KB) + L1d L#36 (32KB) + L1i L#36 (32KB) + Core L#36 + PU L#36 (P#36)
        L2 L#37 (512KB) + L1d L#37 (32KB) + L1i L#37 (32KB) + Core L#37 + PU L#37 (P#37)
        L2 L#38 (512KB) + L1d L#38 (32KB) + L1i L#38 (32KB) + Core L#38 + PU L#38 (P#38)
        L2 L#39 (512KB) + L1d L#39 (32KB) + L1i L#39 (32KB) + Core L#39 + PU L#39 (P#39)
      L3 L#5 (32MB)
        L2 L#40 (512KB) + L1d L#40 (32KB) + L1i L#40 (32KB) + Core L#40 + PU L#40 (P#40)
        L2 L#41 (512KB) + L1d L#41 (32KB) + L1i L#41 (32KB) + Core L#41 + PU L#41 (P#41)
        L2 L#42 (512KB) + L1d L#42 (32KB) + L1i L#42 (32KB) + Core L#42 + PU L#42 (P#42)
        L2 L#43 (512KB) + L1d L#43 (32KB) + L1i L#43 (32KB) + Core L#43 + PU L#43 (P#43)
        L2 L#44 (512KB) + L1d L#44 (32KB) + L1i L#44 (32KB) + Core L#44 + PU L#44 (P#44)
        L2 L#45 (512KB) + L1d L#45 (32KB) + L1i L#45 (32KB) + Core L#45 + PU L#45 (P#45)
        L2 L#46 (512KB) + L1d L#46 (32KB) + L1i L#46 (32KB) + Core L#46 + PU L#46 (P#46)
        L2 L#47 (512KB) + L1d L#47 (32KB) + L1i L#47 (32KB) + Core L#47 + PU L#47 (P#47)
    NUMANode L#3 (P#3 31GB)
      L3 L#6 (32MB)
        L2 L#48 (512KB) + L1d L#48 (32KB) + L1i L#48 (32KB) + Core L#48 + PU L#48 (P#48)
        L2 L#49 (512KB) + L1d L#49 (32KB) + L1i L#49 (32KB) + Core L#49 + PU L#49 (P#49)
        L2 L#50 (512KB) + L1d L#50 (32KB) + L1i L#50 (32KB) + Core L#50 + PU L#50 (P#50)
        L2 L#51 (512KB) + L1d L#51 (32KB) + L1i L#51 (32KB) + Core L#51 + PU L#51 (P#51)
        L2 L#52 (512KB) + L1d L#52 (32KB) + L1i L#52 (32KB) + Core L#52 + PU L#52 (P#52)
        L2 L#53 (512KB) + L1d L#53 (32KB) + L1i L#53 (32KB) + Core L#53 + PU L#53 (P#53)
        L2 L#54 (512KB) + L1d L#54 (32KB) + L1i L#54 (32KB) + Core L#54 + PU L#54 (P#54)
        L2 L#55 (512KB) + L1d L#55 (32KB) + L1i L#55 (32KB) + Core L#55 + PU L#55 (P#55)
      L3 L#7 (32MB)
        L2 L#56 (512KB) + L1d L#56 (32KB) + L1i L#56 (32KB) + Core L#56 + PU L#56 (P#56)
        L2 L#57 (512KB) + L1d L#57 (32KB) + L1i L#57 (32KB) + Core L#57 + PU L#57 (P#57)
        L2 L#58 (512KB) + L1d L#58 (32KB) + L1i L#58 (32KB) + Core L#58 + PU L#58 (P#58)
        L2 L#59 (512KB) + L1d L#59 (32KB) + L1i L#59 (32KB) + Core L#59 + PU L#59 (P#59)
        L2 L#60 (512KB) + L1d L#60 (32KB) + L1i L#60 (32KB) + Core L#60 + PU L#60 (P#60)
        L2 L#61 (512KB) + L1d L#61 (32KB) + L1i L#61 (32KB) + Core L#61 + PU L#61 (P#61)
        L2 L#62 (512KB) + L1d L#62 (32KB) + L1i L#62 (32KB) + Core L#62 + PU L#62 (P#62)
        L2 L#63 (512KB) + L1d L#63 (32KB) + L1i L#63 (32KB) + Core L#63 + PU L#63 (P#63)
  Package L#1
    NUMANode L#4 (P#4 31GB)
      L3 L#8 (32MB)
        L2 L#64 (512KB) + L1d L#64 (32KB) + L1i L#64 (32KB) + Core L#64 + PU L#64 (P#64)
        L2 L#65 (512KB) + L1d L#65 (32KB) + L1i L#65 (32KB) + Core L#65 + PU L#65 (P#65)
        L2 L#66 (512KB) + L1d L#66 (32KB) + L1i L#66 (32KB) + Core L#66 + PU L#66 (P#66)
        L2 L#67 (512KB) + L1d L#67 (32KB) + L1i L#67 (32KB) + Core L#67 + PU L#67 (P#67)
        L2 L#68 (512KB) + L1d L#68 (32KB) + L1i L#68 (32KB) + Core L#68 + PU L#68 (P#68)
        L2 L#69 (512KB) + L1d L#69 (32KB) + L1i L#69 (32KB) + Core L#69 + PU L#69 (P#69)
        L2 L#70 (512KB) + L1d L#70 (32KB) + L1i L#70 (32KB) + Core L#70 + PU L#70 (P#70)
        L2 L#71 (512KB) + L1d L#71 (32KB) + L1i L#71 (32KB) + Core L#71 + PU L#71 (P#71)
      L3 L#9 (32MB)
        L2 L#72 (512KB) + L1d L#72 (32KB) + L1i L#72 (32KB) + Core L#72 + PU L#72 (P#72)
        L2 L#73 (512KB) + L1d L#73 (32KB) + L1i L#73 (32KB) + Core L#73 + PU L#73 (P#73)
        L2 L#74 (512KB) + L1d L#74 (32KB) + L1i L#74 (32KB) + Core L#74 + PU L#74 (P#74)
        L2 L#75 (512KB) + L1d L#75 (32KB) + L1i L#75 (32KB) + Core L#75 + PU L#75 (P#75)
        L2 L#76 (512KB) + L1d L#76 (32KB) + L1i L#76 (32KB) + Core L#76 + PU L#76 (P#76)
        L2 L#77 (512KB) + L1d L#77 (32KB) + L1i L#77 (32KB) + Core L#77 + PU L#77 (P#77)
        L2 L#78 (512KB) + L1d L#78 (32KB) + L1i L#78 (32KB) + Core L#78 + PU L#78 (P#78)
        L2 L#79 (512KB) + L1d L#79 (32KB) + L1i L#79 (32KB) + Core L#79 + PU L#79 (P#79)
    NUMANode L#5 (P#5 31GB)
      L3 L#10 (32MB)
        L2 L#80 (512KB) + L1d L#80 (32KB) + L1i L#80 (32KB) + Core L#80 + PU L#80 (P#80)
        L2 L#81 (512KB) + L1d L#81 (32KB) + L1i L#81 (32KB) + Core L#81 + PU L#81 (P#81)
        L2 L#82 (512KB) + L1d L#82 (32KB) + L1i L#82 (32KB) + Core L#82 + PU L#82 (P#82)
        L2 L#83 (512KB) + L1d L#83 (32KB) + L1i L#83 (32KB) + Core L#83 + PU L#83 (P#83)
        L2 L#84 (512KB) + L1d L#84 (32KB) + L1i L#84 (32KB) + Core L#84 + PU L#84 (P#84)
        L2 L#85 (512KB) + L1d L#85 (32KB) + L1i L#85 (32KB) + Core L#85 + PU L#85 (P#85)
        L2 L#86 (512KB) + L1d L#86 (32KB) + L1i L#86 (32KB) + Core L#86 + PU L#86 (P#86)
        L2 L#87 (512KB) + L1d L#87 (32KB) + L1i L#87 (32KB) + Core L#87 + PU L#87 (P#87)
      L3 L#11 (32MB)
        L2 L#88 (512KB) + L1d L#88 (32KB) + L1i L#88 (32KB) + Core L#88 + PU L#88 (P#88)
        L2 L#89 (512KB) + L1d L#89 (32KB) + L1i L#89 (32KB) + Core L#89 + PU L#89 (P#89)
        L2 L#90 (512KB) + L1d L#90 (32KB) + L1i L#90 (32KB) + Core L#90 + PU L#90 (P#90)
        L2 L#91 (512KB) + L1d L#91 (32KB) + L1i L#91 (32KB) + Core L#91 + PU L#91 (P#91)
        L2 L#92 (512KB) + L1d L#92 (32KB) + L1i L#92 (32KB) + Core L#92 + PU L#92 (P#92)
        L2 L#93 (512KB) + L1d L#93 (32KB) + L1i L#93 (32KB) + Core L#93 + PU L#93 (P#93)
        L2 L#94 (512KB) + L1d L#94 (32KB) + L1i L#94 (32KB) + Core L#94 + PU L#94 (P#94)
        L2 L#95 (512KB) + L1d L#95 (32KB) + L1i L#95 (32KB) + Core L#95 + PU L#95 (P#95)
    NUMANode L#6 (P#6 31GB)
      L3 L#12 (32MB)
        L2 L#96 (512KB) + L1d L#96 (32KB) + L1i L#96 (32KB) + Core L#96 + PU L#96 (P#96)
        L2 L#97 (512KB) + L1d L#97 (32KB) + L1i L#97 (32KB) + Core L#97 + PU L#97 (P#97)
        L2 L#98 (512KB) + L1d L#98 (32KB) + L1i L#98 (32KB) + Core L#98 + PU L#98 (P#98)
        L2 L#99 (512KB) + L1d L#99 (32KB) + L1i L#99 (32KB) + Core L#99 + PU L#99 (P#99)
        L2 L#100 (512KB) + L1d L#100 (32KB) + L1i L#100 (32KB) + Core L#100 + PU L#100 (P#100)
        L2 L#101 (512KB) + L1d L#101 (32KB) + L1i L#101 (32KB) + Core L#101 + PU L#101 (P#101)
        L2 L#102 (512KB) + L1d L#102 (32KB) + L1i L#102 (32KB) + Core L#102 + PU L#102 (P#102)
        L2 L#103 (512KB) + L1d L#103 (32KB) + L1i L#103 (32KB) + Core L#103 + PU L#103 (P#103)
      L3 L#13 (32MB)
        L2 L#104 (512KB) + L1d L#104 (32KB) + L1i L#104 (32KB) + Core L#104 + PU L#104 (P#104)
        L2 L#105 (512KB) + L1d L#105 (32KB) + L1i L#105 (32KB) + Core L#105 + PU L#105 (P#105)
        L2 L#106 (512KB) + L1d L#106 (32KB) + L1i L#106 (32KB) + Core L#106 + PU L#106 (P#106)
        L2 L#107 (512KB) + L1d L#107 (32KB) + L1i L#107 (32KB) + Core L#107 + PU L#107 (P#107)
        L2 L#108 (512KB) + L1d L#108 (32KB) + L1i L#108 (32KB) + Core L#108 + PU L#108 (P#108)
        L2 L#109 (512KB) + L1d L#109 (32KB) + L1i L#109 (32KB) + Core L#109 + PU L#109 (P#109)
        L2 L#110 (512KB) + L1d L#110 (32KB) + L1i L#110 (32KB) + Core L#110 + PU L#110 (P#110)
        L2 L#111 (512KB) + L1d L#111 (32KB) + L1i L#111 (32KB) + Core L#111 + PU L#111 (P#111)
    NUMANode L#7 (P#7 29GB)
      L3 L#14 (32MB)
        L2 L#112 (512KB) + L1d L#112 (32KB) + L1i L#112 (32KB) + Core L#112 + PU L#112 (P#112)
        L2 L#113 (512KB) + L1d L#113 (32KB) + L1i L#113 (32KB) + Core L#113 + PU L#113 (P#113)
        L2 L#114 (512KB) + L1d L#114 (32KB) + L1i L#114 (32KB) + Core L#114 + PU L#114 (P#114)
        L2 L#115 (512KB) + L1d L#115 (32KB) + L1i L#115 (32KB) + Core L#115 + PU L#115 (P#115)
        L2 L#116 (512KB) + L1d L#116 (32KB) + L1i L#116 (32KB) + Core L#116 + PU L#116 (P#116)
        L2 L#117 (512KB) + L1d L#117 (32KB) + L1i L#117 (32KB) + Core L#117 + PU L#117 (P#117)
        L2 L#118 (512KB) + L1d L#118 (32KB) + L1i L#118 (32KB) + Core L#118 + PU L#118 (P#118)
        L2 L#119 (512KB) + L1d L#119 (32KB) + L1i L#119 (32KB) + Core L#119 + PU L#119 (P#119)
      L3 L#15 (32MB)
        L2 L#120 (512KB) + L1d L#120 (32KB) + L1i L#120 (32KB) + Core L#120 + PU L#120 (P#120)
        L2 L#121 (512KB) + L1d L#121 (32KB) + L1i L#121 (32KB) + Core L#121 + PU L#121 (P#121)
        L2 L#122 (512KB) + L1d L#122 (32KB) + L1i L#122 (32KB) + Core L#122 + PU L#122 (P#122)
        L2 L#123 (512KB) + L1d L#123 (32KB) + L1i L#123 (32KB) + Core L#123 + PU L#123 (P#123)
        L2 L#124 (512KB) + L1d L#124 (32KB) + L1i L#124 (32KB) + Core L#124 + PU L#124 (P#124)
        L2 L#125 (512KB) + L1d L#125 (32KB) + L1i L#125 (32KB) + Core L#125 + PU L#125 (P#125)
        L2 L#126 (512KB) + L1d L#126 (32KB) + L1i L#126 (32KB) + Core L#126 + PU L#126 (P#126)
        L2 L#127 (512KB) + L1d L#127 (32KB) + L1i L#127 (32KB) + Core L#127 + PU L#127 (P#127)
